<?xml version="1.0" encoding="UTF-8"?>
<!-- Generated by org.testng.reporters.JUnitReportReporter -->
<testsuite skipped="0" hostname="DESKTOP-HR0BL1L" name="com.peddleup.qa.testcases.ClientLoginPageTest" tests="2" failures="0" timestamp="2022-11-14T10:23:22 IST" time="41.365" errors="0">
  <testcase name="loginPageTitleTest" time="12.911" classname="com.peddleup.qa.testcases.ClientLoginPageTest"/>
  <system-out/>
  <testcase name="loginTest" time="28.454" classname="com.peddleup.qa.testcases.ClientLoginPageTest"/>
  <system-out/>
</testsuite> <!-- com.peddleup.qa.testcases.ClientLoginPageTest -->
